Last update: Thu Dec 16 14:19:28 IST 2021
Last update: Thu Dec 16 14:50:19 IST 2021
Last update: Thu Dec 16 17:56:53 IST 2021
Last update: Thu Dec 16 20:50:22 IST 2021
Last update: Thu Dec 16 23:52:00 IST 2021
Last update: Fri Dec 17 02:48:23 IST 2021
Last update: Fri Dec 17 06:20:57 IST 2021
Last update: Fri Dec 17 08:49:32 IST 2021
Last update: Fri Dec 17 11:52:18 IST 2021
Last update: Fri Dec 17 14:50:22 IST 2021
Last update: Fri Dec 17 17:56:12 IST 2021
Last update: Fri Dec 17 20:49:55 IST 2021
Last update: Fri Dec 17 23:51:33 IST 2021
Last update: Sat Dec 18 02:48:11 IST 2021
Last update: Sat Dec 18 06:21:09 IST 2021
Last update: Sat Dec 18 08:51:39 IST 2021
Last update: Sat Dec 18 11:52:27 IST 2021
Last update: Sat Dec 18 13:59:36 IST 2021
Last update: Sat Dec 18 14:49:39 IST 2021
Last update: Sat Dec 18 17:56:08 IST 2021
Last update: Sat Dec 18 20:50:07 IST 2021
Last update: Sat Dec 18 23:51:49 IST 2021
Last update: Sun Dec 19 02:50:00 IST 2021
Last update: Sun Dec 19 06:22:18 IST 2021
Last update: Sun Dec 19 08:51:02 IST 2021
Last update: Sun Dec 19 11:52:33 IST 2021
Last update: Sun Dec 19 14:50:19 IST 2021
Last update: Sun Dec 19 17:56:52 IST 2021
Last update: Sun Dec 19 20:50:15 IST 2021
Last update: Sun Dec 19 23:51:33 IST 2021
Last update: Mon Dec 20 02:48:15 IST 2021
Last update: Mon Dec 20 06:20:31 IST 2021
Last update: Mon Dec 20 08:51:18 IST 2021
Last update: Mon Dec 20 11:53:08 IST 2021
Last update: Mon Dec 20 14:50:50 IST 2021
Last update: Mon Dec 20 17:58:32 IST 2021
Last update: Mon Dec 20 20:50:53 IST 2021
Last update: Mon Dec 20 23:52:21 IST 2021
